<?xml version="1.0" encoding="UTF-8" standalone="yes"?><testsuite timestamp="2013-08-14T21:54:42Z" time="2.0" tests="9" name="UALocationServicesApplicationTest" hostname="admin-2.prod.urbanairship.com" failures="0"><testcase time="0.0030" name="testLastLocationAndDate" classname="UALocationServicesApplicationTest"/><testcase time="0.018" name="testReportCurrentLocationShutsDownBackgroundTaskOnError" classname="UALocationServicesApplicationTest"/><testcase time="1.067" name="testReportCurrentLocationTimesOutWithError" classname="UALocationServicesApplicationTest"/><testcase time="0.0030" name="testSendLocationWithLocationManger" classname="UALocationServicesApplicationTest"/><testcase time="0.0030" name="testSignificantChangeNotifiesDelegate" classname="UALocationServicesApplicationTest"/><testcase time="0.0" name="testStopSingleLocationSetsShutdownScheduledFlag" classname="UALocationServicesApplicationTest"/><testcase time="0.0040" name="testUALocationEventUpdateType" classname="UALocationServicesApplicationTest"/><testcase time="0.839" name="testUALocationServiceDoesGetLocation" classname="UALocationServicesApplicationTest"/><testcase time="0.0010" name="testUALocationServiceSendsLocationToAnalytics" classname="UALocationServicesApplicationTest"/></testsuite>